<?xml version="1.0" encoding="UTF-8"?>
<!-- Generated by org.testng.reporters.JUnitReportReporter -->
<testsuite hostname="AT-HomeHP" failures="0" tests="3" name="TestNGSamples.GroupClass1" time="0.013" errors="0" timestamp="15 Mar 2018 02:30:16 GMT" skipped="0">
  <testcase classname="TestNGSamples.GroupClass1" name="PrepaidRecharge" time="0.010"/>
  <testcase classname="TestNGSamples.GroupClass1" name="Search" time="0.002"/>
  <testcase classname="TestNGSamples.GroupClass1" name="BillPayment" time="0.001"/>
</testsuite> <!-- TestNGSamples.GroupClass1 -->
