<?xml version="1.0" encoding="UTF-8"?>
<!-- Generated by org.testng.reporters.JUnitReportReporter -->
<testsuite hostname="AT-HomeHP" failures="0" tests="1" name="TestNGSamples.TestNGTest1" time="3.692" errors="0" timestamp="07 Mar 2018 22:15:06 GMT" skipped="0">
  <testcase classname="TestNGSamples.TestNGTest1" name="verifytitle" time="3.692"/>
</testsuite> <!-- TestNGSamples.TestNGTest1 -->
