<?xml version="1.0" encoding="UTF-8"?>
<!-- Generated by org.testng.reporters.JUnitReportReporter -->
<testsuite hostname="AT-HomeHP" failures="0" tests="3" name="TestNGSamples.NewTest2" time="0.006" errors="0" timestamp="14 Mar 2018 23:22:45 GMT" skipped="0">
  <testcase classname="TestNGSamples.NewTest2" name="deleteproduct" time="0.002"/>
  <testcase classname="TestNGSamples.NewTest2" name="deletecurrency" time="0.002"/>
  <testcase classname="TestNGSamples.NewTest2" name="deletevendor" time="0.002"/>
</testsuite> <!-- TestNGSamples.NewTest2 -->
