<?xml version="1.0" encoding="UTF-8"?>
<!-- Generated by org.testng.reporters.JUnitReportReporter -->
<testsuite hostname="AT-HomeHP" failures="0" tests="3" name="TestNGSamples.NewTest1" time="0.014" errors="0" timestamp="14 Mar 2018 23:22:45 GMT" skipped="0">
  <testcase classname="TestNGSamples.NewTest1" name="addvendor" time="0.002"/>
  <testcase classname="TestNGSamples.NewTest1" name="addcurrency" time="0.010"/>
  <testcase classname="TestNGSamples.NewTest1" name="addproduct" time="0.002"/>
</testsuite> <!-- TestNGSamples.NewTest1 -->
