<?xml version="1.0" encoding="UTF-8"?>
<!-- Generated by org.testng.reporters.JUnitReportReporter -->
<testsuite hostname="AT-HomeHP" failures="0" tests="4" name="TestNGSamples.Parallel" time="0.045" errors="0" timestamp="19 Mar 2018 21:39:58 GMT" skipped="0">
  <testcase classname="TestNGSamples.Parallel" name="testcase3" time="0.002"/>
  <testcase classname="TestNGSamples.Parallel" name="testcase1" time="0.020"/>
  <testcase classname="TestNGSamples.Parallel" name="testcase2" time="0.020"/>
  <testcase classname="TestNGSamples.Parallel" name="testcase4" time="0.003"/>
</testsuite> <!-- TestNGSamples.Parallel -->
