<?xml version="1.0" encoding="UTF-8"?>
<!-- Generated by org.testng.reporters.JUnitReportReporter -->
<testsuite hostname="AT-HomeHP" failures="0" tests="2" name="TestNGSamples.DependencyMethods" time="8.183" errors="0" timestamp="09 Mar 2018 21:33:07 GMT" skipped="0">
  <testcase classname="TestNGSamples.DependencyMethods" name="VerifyPageTitle2" time="3.137"/>
  <testcase classname="TestNGSamples.DependencyMethods" name="VerifyPageTitle1" time="5.046"/>
</testsuite> <!-- TestNGSamples.DependencyMethods -->
